\BOOKMARK [1][-]{section.1}{Algorithme de base}{}% 1
\BOOKMARK [2][-]{subsection.1.1}{Experience sur l'algorithme ETC}{section.1}% 2
\BOOKMARK [2][-]{subsection.1.2}{Optimisation de l'algorithme epsilon-greedy}{section.1}% 3
\BOOKMARK [1][-]{section.2}{KL UCB}{}% 4
\BOOKMARK [2][-]{subsection.2.1}{Pseudo-code}{section.2}% 5
\BOOKMARK [2][-]{subsection.2.2}{Implementation bernoulli}{section.2}% 6
\BOOKMARK [2][-]{subsection.2.3}{Implementation UCB Gaussienne}{section.2}% 7
\BOOKMARK [2][-]{subsection.2.4}{Comparaison des mod\350les}{section.2}% 8
\BOOKMARK [1][-]{section.3}{Algorithme Thompson Sampling \(TS\)}{}% 9
\BOOKMARK [2][-]{subsection.3.1}{Rappel sur la loi de gamma}{section.3}% 10
\BOOKMARK [2][-]{subsection.3.2}{Rappel sur la loi de Poisson}{section.3}% 11
\BOOKMARK [2][-]{subsection.3.3}{Algorithme Thompson Sampling pour des bandits \340 distribution Poisson }{section.3}% 12
\BOOKMARK [3][-]{subsubsection.3.3.1}{Pseudo-code}{subsection.3.3}% 13
\BOOKMARK [2][-]{subsection.3.4}{Exploration du comportement de l'alogorihme \(validation de la fonctionnalit\351\)}{section.3}% 14
\BOOKMARK [2][-]{subsection.3.5}{Exp\351rimentation sur l'algorithme}{section.3}% 15
\BOOKMARK [3][-]{subsubsection.3.5.1}{Effet de la variance de la loi prior}{subsection.3.5}% 16
\BOOKMARK [3][-]{subsubsection.3.5.2}{Effet de la moyenne de la loi prior avec variance <<bonne>>}{subsection.3.5}% 17
\BOOKMARK [3][-]{subsubsection.3.5.3}{Effet de la moyenne de la loi prior avec variance plus petite}{subsection.3.5}% 18
\BOOKMARK [1][-]{section.4}{Bandits contextuels et structur\351s}{}% 19
\BOOKMARK [2][-]{subsection.4.1}{Contexte}{section.4}% 20
\BOOKMARK [2][-]{subsection.4.2}{Pseudo-code}{section.4}% 21
\BOOKMARK [3][-]{subsubsection.4.2.1}{D\351tails de l'impl\351mentation}{subsection.4.2}% 22
\BOOKMARK [2][-]{subsection.4.3}{Exp\351rimentation}{section.4}% 23
